# ---------------------- #
Iteration : 1
 Total BCD Iteration : 16
 BCD Runtime : 0.023366
 Continuous Objective : 10858.538907
 Integer Objective : 7840.000000
 Iteration Runtime : 0.024896
 Total Runtime : 0.024896
# ---------------------- #
Iteration : 2
 Total BCD Iteration : 17
 BCD Runtime : 0.025337
 Continuous Objective : 10319.815547
 Integer Objective : 7827.000000
 Iteration Runtime : 0.026543
 Total Runtime : 0.051439
# ---------------------- #
Iteration : 3
 Total BCD Iteration : 14
 BCD Runtime : 0.021781
 Continuous Objective : 9999.353728
 Integer Objective : 7827.000000
 Iteration Runtime : 0.022961
 Total Runtime : 0.074400
# ---------------------- #
Iteration : 4
 Total BCD Iteration : 15
 BCD Runtime : 0.022877
 Continuous Objective : 9785.202249
 Integer Objective : 7827.000000
 Iteration Runtime : 0.024110
 Total Runtime : 0.098510
# ---------------------- #
Iteration : 5
 Total BCD Iteration : 15
 BCD Runtime : 0.023241
 Continuous Objective : 9630.731522
 Integer Objective : 7827.000000
 Iteration Runtime : 0.024387
 Total Runtime : 0.122897
# ---------------------- #
Iteration : 6
 Total BCD Iteration : 11
 BCD Runtime : 0.017367
 Continuous Objective : 9512.461691
 Integer Objective : 7827.000000
 Iteration Runtime : 0.018480
 Total Runtime : 0.141377
# ---------------------- #
Iteration : 7
 Total BCD Iteration : 9
 BCD Runtime : 0.014816
 Continuous Objective : 9416.751462
 Integer Objective : 7827.000000
 Iteration Runtime : 0.016043
 Total Runtime : 0.157420
# ---------------------- #
Iteration : 8
 Total BCD Iteration : 10
 BCD Runtime : 0.015605
 Continuous Objective : 9336.133993
 Integer Objective : 7840.000000
 Iteration Runtime : 0.016709
 Total Runtime : 0.174129
# ---------------------- #
Iteration : 9
 Total BCD Iteration : 16
 BCD Runtime : 0.024349
 Continuous Objective : 9265.929520
 Integer Objective : 7837.000000
 Iteration Runtime : 0.025602
 Total Runtime : 0.199731
# ---------------------- #
Iteration : 10
 Total BCD Iteration : 22
 BCD Runtime : 0.034878
 Continuous Objective : 9203.387116
 Integer Objective : 7754.000000
 Iteration Runtime : 0.036151
 Total Runtime : 0.235882
# ================== Final Result ===================== #
Total Outer Iteration : 10
Continuous Objective : 9203.387116
Integer Objective : 7754.000000
Total Execution Time in C : 0.236255 Seconds
